<?xml version="1.0" encoding="UTF-8"?>
<!-- Generated by org.testng.reporters.JUnitXMLReporter -->
<testsuite ignored="0" hostname="WKWIN4229901" failures="0" tests="2" name="Default test" time="3.91" errors="0" timestamp="03 Jan 2025 18:51:25 GMT">
  <testcase classname="getCourseDetails.GetAccessTokenFromAuthorizationServer" name="getAccessTokenFromAuthorizationServer" time="3.701"/>
  <testcase classname="getCourseDetails.GetCourseDetails" name="getCourseDetails" time="0.151"/>
</testsuite> <!-- Default test -->
