<?xml version="1.0" encoding="UTF-8"?>
<testng-results ignored="0" total="2" passed="2" failed="0" skipped="0">
  <reporter-output>
  </reporter-output>
  <suite started-at="2025-01-03T18:51:21Z" name="Default suite" finished-at="2025-01-03T18:51:25Z" duration-ms="3910">
    <groups>
    </groups>
    <test started-at="2025-01-03T18:51:21Z" name="Default test" finished-at="2025-01-03T18:51:25Z" duration-ms="3910">
      <class name="getCourseDetails.GetCourseDetails">
        <test-method signature="getAccessTokenFromAuthorizationServer()[pri:0, instance:getCourseDetails.GetCourseDetails@72035809]" started-at="2025-01-03T18:51:21Z" name="getAccessTokenFromAuthorizationServer" finished-at="2025-01-03T18:51:25Z" duration-ms="3701" status="PASS">
          <reporter-output>
          </reporter-output>
        </test-method> <!-- getAccessTokenFromAuthorizationServer -->
        <test-method signature="getCourseDetails(java.lang.String)[pri:0, instance:getCourseDetails.GetCourseDetails@72035809]" started-at="2025-01-03T18:51:25Z" name="getCourseDetails" data-provider="accessToken" finished-at="2025-01-03T18:51:25Z" duration-ms="151" status="PASS">
          <params>
            <param index="0">
              <value>
                <![CDATA[KZfDBEuYcB+1FyO0zzD2Yw==]]>
              </value>
            </param>
          </params>
          <reporter-output>
          </reporter-output>
        </test-method> <!-- getCourseDetails -->
      </class> <!-- getCourseDetails.GetCourseDetails -->
    </test> <!-- Default test -->
  </suite> <!-- Default suite -->
</testng-results>
